<?xml version="1.0" encoding="UTF-8"?>
<!-- Generated by org.testng.reporters.JUnitReportReporter -->
<testsuite hostname="Rakit" failures="0" tests="1" name="testNGFramework.PracticeForm" time="7.531" errors="0" timestamp="2023-08-05T23:36:20 IST" skipped="0">
  <testcase classname="testNGFramework.PracticeForm" name="m2" time="7.531"/>
  <system-out/>
</testsuite> <!-- testNGFramework.PracticeForm -->
