<?xml version="1.0" encoding="UTF-8"?>
<!-- Generated by org.testng.reporters.JUnitReportReporter -->
<testsuite hostname="Rakit" failures="0" tests="2" name="testNGFramework.FaceBook2" time="1.475" errors="0" timestamp="2023-06-15T20:37:18 IST" skipped="0">
  <testcase classname="testNGFramework.FaceBook2" name="testcase2" time="1.307"/>
  <system-out/>
  <testcase classname="testNGFramework.FaceBook2" name="testcase1" time="0.168"/>
  <system-out/>
</testsuite> <!-- testNGFramework.FaceBook2 -->
