<?xml version="1.0" encoding="UTF-8"?>
<!-- Generated by org.testng.reporters.JUnitReportReporter -->
<testsuite hostname="Rakit" failures="0" tests="3" name="testNGFramework.DataProviderAssognment" time="13.320" errors="0" timestamp="2023-08-15T12:44:14 IST" skipped="0">
  <testcase classname="testNGFramework.DataProviderAssognment" name="m2" time="6.048"/>
  <system-out/>
  <testcase classname="testNGFramework.DataProviderAssognment" name="m2" time="3.571"/>
  <system-out/>
  <testcase classname="testNGFramework.DataProviderAssognment" name="m2" time="3.701"/>
  <system-out/>
</testsuite> <!-- testNGFramework.DataProviderAssognment -->
