<?xml version="1.0" encoding="UTF-8"?>
<!-- Generated by org.testng.reporters.JUnitReportReporter -->
<testsuite hostname="Rakit" failures="0" tests="1" name="testNGFramework.PracticeFormTestNG" time="21.805" errors="0" timestamp="2023-06-18T11:36:51 IST" skipped="0">
  <testcase classname="testNGFramework.PracticeFormTestNG" name="m2" time="21.805"/>
  <system-out/>
</testsuite> <!-- testNGFramework.PracticeFormTestNG -->
