<?xml version="1.0" encoding="UTF-8"?>
<!-- Generated by org.testng.reporters.JUnitReportReporter -->
<testsuite hostname="Rakit" failures="0" tests="5" name="testNGFramework.FaceBookValidation" time="36.237" errors="0" timestamp="2023-08-05T21:29:55 IST" skipped="0">
  <testcase classname="testNGFramework.FaceBookValidation" name="testcase5" time="7.104"/>
  <system-out/>
  <testcase classname="testNGFramework.FaceBookValidation" name="testcase2" time="8.811"/>
  <system-out/>
  <testcase classname="testNGFramework.FaceBookValidation" name="testcase1" time="5.118"/>
  <system-out/>
  <testcase classname="testNGFramework.FaceBookValidation" name="testcase3" time="7.081"/>
  <system-out/>
  <testcase classname="testNGFramework.FaceBookValidation" name="testcase4" time="8.123"/>
  <system-out/>
</testsuite> <!-- testNGFramework.FaceBookValidation -->
