<?xml version="1.0" encoding="UTF-8"?>
<!-- Generated by org.testng.reporters.JUnitReportReporter -->
<testsuite hostname="Rakit" failures="0" tests="3" name="excelrProj1.ProfileImage" time="21.339" errors="0" timestamp="2023-09-09T21:06:40 IST" skipped="0">
  <testcase classname="excelrProj1.ProfileImage" name="uploadJpgImg" time="7.104"/>
  <system-out/>
  <testcase classname="excelrProj1.ProfileImage" name="uploadPNGImg" time="7.127"/>
  <system-out/>
  <testcase classname="excelrProj1.ProfileImage" name="uploadGIFImg" time="7.108"/>
  <system-out/>
</testsuite> <!-- excelrProj1.ProfileImage -->
