<?xml version="1.0" encoding="UTF-8"?>
<!-- Generated by org.testng.reporters.JUnitReportReporter -->
<testsuite hostname="Rakit" failures="0" tests="2" name="testNGFramework.AnnotationClass" time="0.010" errors="0" timestamp="2023-06-11T15:52:19 IST" skipped="0">
  <testcase classname="testNGFramework.AnnotationClass" name="m3" time="0.003"/>
  <system-out/>
  <testcase classname="testNGFramework.AnnotationClass" name="m1" time="0.007"/>
  <system-out/>
</testsuite> <!-- testNGFramework.AnnotationClass -->
