<?xml version="1.0" encoding="UTF-8"?>
<!-- Generated by org.testng.reporters.JUnitReportReporter -->
<testsuite hostname="Rakit" failures="0" tests="1" name="testNGFramework.PracticeFormUpdated" time="25.059" errors="0" timestamp="2023-08-15T14:27:48 IST" skipped="0">
  <testcase classname="testNGFramework.PracticeFormUpdated" name="fillForm" time="25.059"/>
  <system-out/>
</testsuite> <!-- testNGFramework.PracticeFormUpdated -->
