<?xml version="1.0" encoding="UTF-8"?>
<!-- Generated by org.testng.reporters.JUnitReportReporter -->
<testsuite hostname="Rakit" failures="0" tests="4" name="testNGFramework.DataProviderClass" time="0.015" errors="0" timestamp="2023-08-04T08:23:31 IST" skipped="0">
  <testcase classname="testNGFramework.DataProviderClass" name="test" time="0.002"/>
  <system-out/>
  <testcase classname="testNGFramework.DataProviderClass" name="test" time="0.001"/>
  <system-out/>
  <testcase classname="testNGFramework.DataProviderClass" name="test" time="0.010"/>
  <system-out/>
  <testcase classname="testNGFramework.DataProviderClass" name="test" time="0.002"/>
  <system-out/>
</testsuite> <!-- testNGFramework.DataProviderClass -->
