<?xml version="1.0" encoding="UTF-8"?>
<!-- Generated by org.testng.reporters.JUnitReportReporter -->
<testsuite hostname="Rakit" failures="0" tests="9" name="excelrProj1.AddEmp" time="352.721" errors="0" timestamp="2023-09-09T21:06:40 IST" skipped="0">
  <testcase classname="excelrProj1.AddEmp" name="addEmpWithoutCreateLogin" time="24.032"/>
  <system-out/>
  <testcase classname="excelrProj1.AddEmp" name="addPersonalDetails" time="54.219"/>
  <system-out/>
  <testcase classname="excelrProj1.AddEmp" name="addAttachment1" time="28.692"/>
  <system-out/>
  <testcase classname="excelrProj1.AddEmp" name="addAttachment2" time="33.411"/>
  <system-out/>
  <testcase classname="excelrProj1.AddEmp" name="downloadAttachment" time="30.202"/>
  <system-out/>
  <testcase classname="excelrProj1.AddEmp" name="editAttachment" time="51.405"/>
  <system-out/>
  <testcase classname="excelrProj1.AddEmp" name="deleteAttachment" time="25.224"/>
  <system-out/>
  <testcase classname="excelrProj1.AddEmp" name="deleteAllAttachment" time="30.265"/>
  <system-out/>
  <testcase classname="excelrProj1.AddEmp" name="addEmpWithCreateLogin" time="75.271"/>
  <system-out/>
</testsuite> <!-- excelrProj1.AddEmp -->
