<?xml version="1.0" encoding="UTF-8"?>
<!-- Generated by org.testng.reporters.JUnitReportReporter -->
<testsuite hostname="Rakit" failures="0" tests="4" name="excelrProj1.LoginTestFile" time="54.057" errors="0" timestamp="2023-09-09T21:06:40 IST" skipped="0">
  <testcase classname="excelrProj1.LoginTestFile" name="emptyCred" time="12.327"/>
  <system-out/>
  <testcase classname="excelrProj1.LoginTestFile" name="invalidPassword" time="12.556"/>
  <system-out/>
  <testcase classname="excelrProj1.LoginTestFile" name="invalidCred" time="14.586"/>
  <system-out/>
  <testcase classname="excelrProj1.LoginTestFile" name="validCred" time="14.588"/>
  <system-out/>
</testsuite> <!-- excelrProj1.LoginTestFile -->
