<?xml version="1.0" encoding="UTF-8"?>
<!-- Generated by org.testng.reporters.JUnitReportReporter -->
<testsuite hostname="Rakit" failures="0" tests="4" name="excelrProj1.AddContactDetails" time="103.494" errors="0" timestamp="2023-09-09T21:06:40 IST" skipped="0">
  <testcase classname="excelrProj1.AddContactDetails" name="addEmpWithoutCreateLogin" time="18.877"/>
  <system-out/>
  <testcase classname="excelrProj1.AddContactDetails" name="addContactDetails" time="57.798"/>
  <system-out/>
  <testcase classname="excelrProj1.AddContactDetails" name="addAttachment1" time="13.447"/>
  <system-out/>
  <testcase classname="excelrProj1.AddContactDetails" name="addAttachment2" time="13.372"/>
  <system-out/>
</testsuite> <!-- excelrProj1.AddContactDetails -->
