<?xml version="1.0" encoding="UTF-8"?>
<!-- Generated by org.testng.reporters.JUnitReportReporter -->
<testsuite hostname="Rakit" failures="0" tests="1" name="testNGFramework.TestAnnotationClass" time="11.906" errors="0" timestamp="2023-06-17T17:48:57 IST" skipped="0">
  <testcase classname="testNGFramework.TestAnnotationClass" name="m2" time="11.906"/>
  <system-out/>
</testsuite> <!-- testNGFramework.TestAnnotationClass -->
