<?xml version="1.0" encoding="UTF-8"?>
<!-- Generated by org.testng.reporters.JUnitReportReporter -->
<testsuite hostname="Rakit" failures="0" tests="1" name="testNGFramework.AnnoatationViaDataDriven" time="35.434" errors="0" timestamp="2023-08-05T20:37:25 IST" skipped="0">
  <testcase classname="testNGFramework.AnnoatationViaDataDriven" name="m2" time="35.434"/>
  <system-out/>
</testsuite> <!-- testNGFramework.AnnoatationViaDataDriven -->
