<?xml version="1.0" encoding="UTF-8"?>
<!-- Generated by org.testng.reporters.JUnitReportReporter -->
<testsuite hostname="Rakit" failures="0" tests="4" name="excelrProj1.TestFile" time="108.989" errors="0" timestamp="2023-09-07T15:29:56 IST" skipped="0">
  <testcase classname="excelrProj1.TestFile" name="emptyCred" time="27.056"/>
  <system-out/>
  <testcase classname="excelrProj1.TestFile" name="invalidPassword" time="28.016"/>
  <system-out/>
  <testcase classname="excelrProj1.TestFile" name="invalidCred" time="25.553"/>
  <system-out/>
  <testcase classname="excelrProj1.TestFile" name="validCred" time="28.364"/>
  <system-out/>
</testsuite> <!-- excelrProj1.TestFile -->
