<?xml version="1.0" encoding="UTF-8"?>
<!-- Generated by org.testng.reporters.JUnitReportReporter -->
<testsuite hostname="Rakit" failures="0" tests="1" name="testNGFramework.InternetSpeed" time="5.967" errors="0" timestamp="2023-06-15T20:54:57 IST" skipped="0">
  <testcase classname="testNGFramework.InternetSpeed" name="speed" time="5.967"/>
  <system-out/>
</testsuite> <!-- testNGFramework.InternetSpeed -->
