<?xml version="1.0" encoding="UTF-8"?>
<!-- Generated by org.testng.reporters.JUnitReportReporter -->
<testsuite hostname="Rakit" failures="0" tests="3" name="testNGFramework.FaceBookData" time="14.872" errors="0" timestamp="2023-08-05T21:29:55 IST" skipped="0">
  <testcase classname="testNGFramework.FaceBookData" name="m1" time="4.600"/>
  <system-out/>
  <testcase classname="testNGFramework.FaceBookData" name="m1" time="4.856"/>
  <system-out/>
  <testcase classname="testNGFramework.FaceBookData" name="m1" time="5.416"/>
  <system-out/>
</testsuite> <!-- testNGFramework.FaceBookData -->
